<?xml version="1.0" encoding="UTF-8"?>
<!-- Generated by org.testng.reporters.JUnitXMLReporter -->
<testsuite hostname="Newt-Pk024" name="Perfecto Assignment 1 Compare stocks" tests="3" failures="0" timestamp="10 Aug 2016 15:26:54 GMT" time="300.204" errors="0">
  <testcase name="compareTabletPrices" time="31.76" classname="Test.MainTest"/>
  <testcase name="compareTabletPrices" time="30.382" classname="Test.MainTest"/>
  <testcase name="compareTabletPrices" time="31.415" classname="Test.MainTest"/>
</testsuite> <!-- Perfecto Assignment 1 Compare stocks -->
